2018-10-31 16:18:22  INFO Environment:514 - Hibernate 3.2.6
2018-10-31 16:18:22  INFO Environment:547 - hibernate.properties not found
2018-10-31 16:18:22  INFO Environment:681 - Bytecode provider name : cglib
2018-10-31 16:18:22  INFO Environment:598 - using JDK 1.4 java.sql.Timestamp handling
2018-10-31 16:18:22  INFO Configuration:1432 - configuring from resource: hibernate.cfg.xml
2018-10-31 16:18:22  INFO Configuration:1409 - Configuration resource: hibernate.cfg.xml
2018-10-31 16:18:22  INFO Configuration:1547 - Configured SessionFactory: null
2018-10-31 16:18:22  INFO DriverManagerConnectionProvider:41 - Using Hibernate built-in connection pool (not for production use!)
2018-10-31 16:18:22  INFO DriverManagerConnectionProvider:42 - Hibernate connection pool size: 20
2018-10-31 16:18:22  INFO DriverManagerConnectionProvider:45 - autocommit mode: false
2018-10-31 16:18:22  INFO DriverManagerConnectionProvider:80 - using driver: com.mysql.jdbc.Driver at URL: jdbc:mysql://localhost:3306/poo-pizzeria?zeroDateTimeBehavior=convertToNull
2018-10-31 16:18:22  INFO DriverManagerConnectionProvider:86 - connection properties: {user=root, password=****}
2018-10-31 16:18:22  INFO SettingsFactory:89 - RDBMS: MySQL, version: 5.7.21-log
2018-10-31 16:18:22  INFO SettingsFactory:90 - JDBC driver: MySQL-AB JDBC Driver, version: mysql-connector-java-5.1.23 ( Revision: ${bzr.revision-id} )
2018-10-31 16:18:22  INFO Dialect:152 - Using dialect: org.hibernate.dialect.MySQLDialect
2018-10-31 16:18:22  INFO TransactionFactoryFactory:31 - Using default transaction strategy (direct JDBC transactions)
2018-10-31 16:18:22  INFO TransactionManagerLookupFactory:33 - No TransactionManagerLookup configured (in JTA environment, use of read-write or transactional second-level cache is not recommended)
2018-10-31 16:18:22  INFO SettingsFactory:143 - Automatic flush during beforeCompletion(): disabled
2018-10-31 16:18:22  INFO SettingsFactory:147 - Automatic session close at end of transaction: disabled
2018-10-31 16:18:22  INFO SettingsFactory:154 - JDBC batch size: 15
2018-10-31 16:18:22  INFO SettingsFactory:157 - JDBC batch updates for versioned data: disabled
2018-10-31 16:18:22  INFO SettingsFactory:162 - Scrollable result sets: enabled
2018-10-31 16:18:22  INFO SettingsFactory:170 - JDBC3 getGeneratedKeys(): enabled
2018-10-31 16:18:22  INFO SettingsFactory:178 - Connection release mode: auto
2018-10-31 16:18:22  INFO SettingsFactory:202 - Maximum outer join fetch depth: 2
2018-10-31 16:18:22  INFO SettingsFactory:205 - Default batch fetch size: 1
2018-10-31 16:18:23  INFO SettingsFactory:209 - Generate SQL with comments: disabled
2018-10-31 16:18:23  INFO SettingsFactory:213 - Order SQL updates by primary key: disabled
2018-10-31 16:18:23  INFO SettingsFactory:217 - Order SQL inserts for batching: disabled
2018-10-31 16:18:23  INFO SettingsFactory:386 - Query translator: org.hibernate.hql.ast.ASTQueryTranslatorFactory
2018-10-31 16:18:23  INFO ASTQueryTranslatorFactory:24 - Using ASTQueryTranslatorFactory
2018-10-31 16:18:23  INFO SettingsFactory:225 - Query language substitutions: {}
2018-10-31 16:18:23  INFO SettingsFactory:230 - JPA-QL strict compliance: disabled
2018-10-31 16:18:23  INFO SettingsFactory:235 - Second-level cache: enabled
2018-10-31 16:18:23  INFO SettingsFactory:239 - Query cache: disabled
2018-10-31 16:18:23  INFO SettingsFactory:373 - Cache provider: org.hibernate.cache.NoCacheProvider
2018-10-31 16:18:23  INFO SettingsFactory:254 - Optimize cache for minimal puts: disabled
2018-10-31 16:18:23  INFO SettingsFactory:263 - Structured second-level cache entries: disabled
2018-10-31 16:18:23  INFO SettingsFactory:290 - Statistics: disabled
2018-10-31 16:18:23  INFO SettingsFactory:294 - Deleted entity synthetic identifier rollback: disabled
2018-10-31 16:18:23  INFO SettingsFactory:309 - Default entity-mode: pojo
2018-10-31 16:18:23  INFO SettingsFactory:313 - Named query checking : enabled
2018-10-31 16:18:23  INFO SessionFactoryImpl:161 - building session factory
2018-10-31 16:18:23  INFO SessionFactoryObjectFactory:82 - Not binding factory to JNDI, no JNDI name configured
2018-10-31 16:20:08  INFO Environment:514 - Hibernate 3.2.6
2018-10-31 16:20:08  INFO Environment:547 - hibernate.properties not found
2018-10-31 16:20:08  INFO Environment:681 - Bytecode provider name : cglib
2018-10-31 16:20:08  INFO Environment:598 - using JDK 1.4 java.sql.Timestamp handling
2018-10-31 16:20:08  INFO Configuration:1432 - configuring from resource: hibernate.cfg.xml
2018-10-31 16:20:08  INFO Configuration:1409 - Configuration resource: hibernate.cfg.xml
2018-10-31 16:20:08  INFO Configuration:1547 - Configured SessionFactory: null
2018-10-31 16:20:08  INFO DriverManagerConnectionProvider:41 - Using Hibernate built-in connection pool (not for production use!)
2018-10-31 16:20:08  INFO DriverManagerConnectionProvider:42 - Hibernate connection pool size: 20
2018-10-31 16:20:08  INFO DriverManagerConnectionProvider:45 - autocommit mode: false
2018-10-31 16:20:08  INFO DriverManagerConnectionProvider:80 - using driver: com.mysql.jdbc.Driver at URL: jdbc:mysql://localhost:3306/poo-pizzeria?zeroDateTimeBehavior=convertToNull
2018-10-31 16:20:08  INFO DriverManagerConnectionProvider:86 - connection properties: {user=root, password=****}
2018-10-31 16:20:09  INFO SettingsFactory:89 - RDBMS: MySQL, version: 5.7.21-log
2018-10-31 16:20:09  INFO SettingsFactory:90 - JDBC driver: MySQL-AB JDBC Driver, version: mysql-connector-java-5.1.23 ( Revision: ${bzr.revision-id} )
2018-10-31 16:20:09  INFO Dialect:152 - Using dialect: org.hibernate.dialect.MySQLDialect
2018-10-31 16:20:09  INFO TransactionFactoryFactory:31 - Using default transaction strategy (direct JDBC transactions)
2018-10-31 16:20:09  INFO TransactionManagerLookupFactory:33 - No TransactionManagerLookup configured (in JTA environment, use of read-write or transactional second-level cache is not recommended)
2018-10-31 16:20:09  INFO SettingsFactory:143 - Automatic flush during beforeCompletion(): disabled
2018-10-31 16:20:09  INFO SettingsFactory:147 - Automatic session close at end of transaction: disabled
2018-10-31 16:20:09  INFO SettingsFactory:154 - JDBC batch size: 15
2018-10-31 16:20:09  INFO SettingsFactory:157 - JDBC batch updates for versioned data: disabled
2018-10-31 16:20:09  INFO SettingsFactory:162 - Scrollable result sets: enabled
2018-10-31 16:20:09  INFO SettingsFactory:170 - JDBC3 getGeneratedKeys(): enabled
2018-10-31 16:20:09  INFO SettingsFactory:178 - Connection release mode: auto
2018-10-31 16:20:09  INFO SettingsFactory:202 - Maximum outer join fetch depth: 2
2018-10-31 16:20:09  INFO SettingsFactory:205 - Default batch fetch size: 1
2018-10-31 16:20:09  INFO SettingsFactory:209 - Generate SQL with comments: disabled
2018-10-31 16:20:09  INFO SettingsFactory:213 - Order SQL updates by primary key: disabled
2018-10-31 16:20:09  INFO SettingsFactory:217 - Order SQL inserts for batching: disabled
2018-10-31 16:20:09  INFO SettingsFactory:386 - Query translator: org.hibernate.hql.ast.ASTQueryTranslatorFactory
2018-10-31 16:20:09  INFO ASTQueryTranslatorFactory:24 - Using ASTQueryTranslatorFactory
2018-10-31 16:20:09  INFO SettingsFactory:225 - Query language substitutions: {}
2018-10-31 16:20:09  INFO SettingsFactory:230 - JPA-QL strict compliance: disabled
2018-10-31 16:20:09  INFO SettingsFactory:235 - Second-level cache: enabled
2018-10-31 16:20:09  INFO SettingsFactory:239 - Query cache: disabled
2018-10-31 16:20:09  INFO SettingsFactory:373 - Cache provider: org.hibernate.cache.NoCacheProvider
2018-10-31 16:20:09  INFO SettingsFactory:254 - Optimize cache for minimal puts: disabled
2018-10-31 16:20:09  INFO SettingsFactory:263 - Structured second-level cache entries: disabled
2018-10-31 16:20:09  INFO SettingsFactory:290 - Statistics: disabled
2018-10-31 16:20:09  INFO SettingsFactory:294 - Deleted entity synthetic identifier rollback: disabled
2018-10-31 16:20:09  INFO SettingsFactory:309 - Default entity-mode: pojo
2018-10-31 16:20:09  INFO SettingsFactory:313 - Named query checking : enabled
2018-10-31 16:20:09  INFO SessionFactoryImpl:161 - building session factory
2018-10-31 16:20:09  INFO SessionFactoryObjectFactory:82 - Not binding factory to JNDI, no JNDI name configured
2018-10-31 16:30:04  INFO Environment:514 - Hibernate 3.2.6
2018-10-31 16:30:04  INFO Environment:547 - hibernate.properties not found
2018-10-31 16:30:04  INFO Environment:681 - Bytecode provider name : cglib
2018-10-31 16:30:04  INFO Environment:598 - using JDK 1.4 java.sql.Timestamp handling
2018-10-31 16:30:04  INFO Configuration:1432 - configuring from resource: hibernate.cfg.xml
2018-10-31 16:30:05  INFO Configuration:1409 - Configuration resource: hibernate.cfg.xml
2018-10-31 16:30:05  INFO Configuration:1547 - Configured SessionFactory: null
2018-10-31 16:30:05  INFO DriverManagerConnectionProvider:41 - Using Hibernate built-in connection pool (not for production use!)
2018-10-31 16:30:05  INFO DriverManagerConnectionProvider:42 - Hibernate connection pool size: 20
2018-10-31 16:30:05  INFO DriverManagerConnectionProvider:45 - autocommit mode: false
2018-10-31 16:30:05  INFO DriverManagerConnectionProvider:80 - using driver: com.mysql.jdbc.Driver at URL: jdbc:mysql://localhost:3306/poo-pizzeria?zeroDateTimeBehavior=convertToNull
2018-10-31 16:30:05  INFO DriverManagerConnectionProvider:86 - connection properties: {user=root, password=****}
2018-10-31 16:30:05  INFO SettingsFactory:89 - RDBMS: MySQL, version: 5.7.21-log
2018-10-31 16:30:05  INFO SettingsFactory:90 - JDBC driver: MySQL-AB JDBC Driver, version: mysql-connector-java-5.1.23 ( Revision: ${bzr.revision-id} )
2018-10-31 16:30:05  INFO Dialect:152 - Using dialect: org.hibernate.dialect.MySQLDialect
2018-10-31 16:30:05  INFO TransactionFactoryFactory:31 - Using default transaction strategy (direct JDBC transactions)
2018-10-31 16:30:05  INFO TransactionManagerLookupFactory:33 - No TransactionManagerLookup configured (in JTA environment, use of read-write or transactional second-level cache is not recommended)
2018-10-31 16:30:05  INFO SettingsFactory:143 - Automatic flush during beforeCompletion(): disabled
2018-10-31 16:30:05  INFO SettingsFactory:147 - Automatic session close at end of transaction: disabled
2018-10-31 16:30:05  INFO SettingsFactory:154 - JDBC batch size: 15
2018-10-31 16:30:05  INFO SettingsFactory:157 - JDBC batch updates for versioned data: disabled
2018-10-31 16:30:05  INFO SettingsFactory:162 - Scrollable result sets: enabled
2018-10-31 16:30:05  INFO SettingsFactory:170 - JDBC3 getGeneratedKeys(): enabled
2018-10-31 16:30:05  INFO SettingsFactory:178 - Connection release mode: auto
2018-10-31 16:30:05  INFO SettingsFactory:202 - Maximum outer join fetch depth: 2
2018-10-31 16:30:05  INFO SettingsFactory:205 - Default batch fetch size: 1
2018-10-31 16:30:05  INFO SettingsFactory:209 - Generate SQL with comments: disabled
2018-10-31 16:30:05  INFO SettingsFactory:213 - Order SQL updates by primary key: disabled
2018-10-31 16:30:05  INFO SettingsFactory:217 - Order SQL inserts for batching: disabled
2018-10-31 16:30:05  INFO SettingsFactory:386 - Query translator: org.hibernate.hql.ast.ASTQueryTranslatorFactory
2018-10-31 16:30:05  INFO ASTQueryTranslatorFactory:24 - Using ASTQueryTranslatorFactory
2018-10-31 16:30:05  INFO SettingsFactory:225 - Query language substitutions: {}
2018-10-31 16:30:05  INFO SettingsFactory:230 - JPA-QL strict compliance: disabled
2018-10-31 16:30:05  INFO SettingsFactory:235 - Second-level cache: enabled
2018-10-31 16:30:05  INFO SettingsFactory:239 - Query cache: disabled
2018-10-31 16:30:05  INFO SettingsFactory:373 - Cache provider: org.hibernate.cache.NoCacheProvider
2018-10-31 16:30:05  INFO SettingsFactory:254 - Optimize cache for minimal puts: disabled
2018-10-31 16:30:05  INFO SettingsFactory:263 - Structured second-level cache entries: disabled
2018-10-31 16:30:05  INFO SettingsFactory:290 - Statistics: disabled
2018-10-31 16:30:05  INFO SettingsFactory:294 - Deleted entity synthetic identifier rollback: disabled
2018-10-31 16:30:05  INFO SettingsFactory:309 - Default entity-mode: pojo
2018-10-31 16:30:05  INFO SettingsFactory:313 - Named query checking : enabled
2018-10-31 16:30:05  INFO SessionFactoryImpl:161 - building session factory
2018-10-31 16:30:05  INFO SessionFactoryObjectFactory:82 - Not binding factory to JNDI, no JNDI name configured
2018-10-31 16:30:14  INFO Environment:514 - Hibernate 3.2.6
2018-10-31 16:30:14  INFO Environment:547 - hibernate.properties not found
2018-10-31 16:30:14  INFO Environment:681 - Bytecode provider name : cglib
2018-10-31 16:30:14  INFO Environment:598 - using JDK 1.4 java.sql.Timestamp handling
2018-10-31 16:30:14  INFO Configuration:1432 - configuring from resource: hibernate.cfg.xml
2018-10-31 16:30:14  INFO Configuration:1409 - Configuration resource: hibernate.cfg.xml
2018-10-31 16:30:14  INFO Configuration:1547 - Configured SessionFactory: null
2018-10-31 16:30:14  INFO DriverManagerConnectionProvider:41 - Using Hibernate built-in connection pool (not for production use!)
2018-10-31 16:30:14  INFO DriverManagerConnectionProvider:42 - Hibernate connection pool size: 20
2018-10-31 16:30:14  INFO DriverManagerConnectionProvider:45 - autocommit mode: false
2018-10-31 16:30:14  INFO DriverManagerConnectionProvider:80 - using driver: com.mysql.jdbc.Driver at URL: jdbc:mysql://localhost:3306/poo-pizzeria?zeroDateTimeBehavior=convertToNull
2018-10-31 16:30:14  INFO DriverManagerConnectionProvider:86 - connection properties: {user=root, password=****}
2018-10-31 16:30:15  INFO SettingsFactory:89 - RDBMS: MySQL, version: 5.7.21-log
2018-10-31 16:30:15  INFO SettingsFactory:90 - JDBC driver: MySQL-AB JDBC Driver, version: mysql-connector-java-5.1.23 ( Revision: ${bzr.revision-id} )
2018-10-31 16:30:15  INFO Dialect:152 - Using dialect: org.hibernate.dialect.MySQLDialect
2018-10-31 16:30:15  INFO TransactionFactoryFactory:31 - Using default transaction strategy (direct JDBC transactions)
2018-10-31 16:30:15  INFO TransactionManagerLookupFactory:33 - No TransactionManagerLookup configured (in JTA environment, use of read-write or transactional second-level cache is not recommended)
2018-10-31 16:30:15  INFO SettingsFactory:143 - Automatic flush during beforeCompletion(): disabled
2018-10-31 16:30:15  INFO SettingsFactory:147 - Automatic session close at end of transaction: disabled
2018-10-31 16:30:15  INFO SettingsFactory:154 - JDBC batch size: 15
2018-10-31 16:30:15  INFO SettingsFactory:157 - JDBC batch updates for versioned data: disabled
2018-10-31 16:30:15  INFO SettingsFactory:162 - Scrollable result sets: enabled
2018-10-31 16:30:15  INFO SettingsFactory:170 - JDBC3 getGeneratedKeys(): enabled
2018-10-31 16:30:15  INFO SettingsFactory:178 - Connection release mode: auto
2018-10-31 16:30:15  INFO SettingsFactory:202 - Maximum outer join fetch depth: 2
2018-10-31 16:30:15  INFO SettingsFactory:205 - Default batch fetch size: 1
2018-10-31 16:30:15  INFO SettingsFactory:209 - Generate SQL with comments: disabled
2018-10-31 16:30:15  INFO SettingsFactory:213 - Order SQL updates by primary key: disabled
2018-10-31 16:30:15  INFO SettingsFactory:217 - Order SQL inserts for batching: disabled
2018-10-31 16:30:15  INFO SettingsFactory:386 - Query translator: org.hibernate.hql.ast.ASTQueryTranslatorFactory
2018-10-31 16:30:15  INFO ASTQueryTranslatorFactory:24 - Using ASTQueryTranslatorFactory
2018-10-31 16:30:15  INFO SettingsFactory:225 - Query language substitutions: {}
2018-10-31 16:30:15  INFO SettingsFactory:230 - JPA-QL strict compliance: disabled
2018-10-31 16:30:15  INFO SettingsFactory:235 - Second-level cache: enabled
2018-10-31 16:30:15  INFO SettingsFactory:239 - Query cache: disabled
2018-10-31 16:30:15  INFO SettingsFactory:373 - Cache provider: org.hibernate.cache.NoCacheProvider
2018-10-31 16:30:15  INFO SettingsFactory:254 - Optimize cache for minimal puts: disabled
2018-10-31 16:30:15  INFO SettingsFactory:263 - Structured second-level cache entries: disabled
2018-10-31 16:30:15  INFO SettingsFactory:290 - Statistics: disabled
2018-10-31 16:30:15  INFO SettingsFactory:294 - Deleted entity synthetic identifier rollback: disabled
2018-10-31 16:30:15  INFO SettingsFactory:309 - Default entity-mode: pojo
2018-10-31 16:30:15  INFO SettingsFactory:313 - Named query checking : enabled
2018-10-31 16:30:15  INFO SessionFactoryImpl:161 - building session factory
2018-10-31 16:30:15  INFO SessionFactoryObjectFactory:82 - Not binding factory to JNDI, no JNDI name configured
2018-10-31 16:30:28  INFO Environment:514 - Hibernate 3.2.6
2018-10-31 16:30:28  INFO Environment:547 - hibernate.properties not found
2018-10-31 16:30:28  INFO Environment:681 - Bytecode provider name : cglib
2018-10-31 16:30:28  INFO Environment:598 - using JDK 1.4 java.sql.Timestamp handling
2018-10-31 16:30:28  INFO Configuration:1432 - configuring from resource: hibernate.cfg.xml
2018-10-31 16:30:28  INFO Configuration:1409 - Configuration resource: hibernate.cfg.xml
2018-10-31 16:30:28  INFO Configuration:1547 - Configured SessionFactory: null
2018-10-31 16:30:28  INFO DriverManagerConnectionProvider:41 - Using Hibernate built-in connection pool (not for production use!)
2018-10-31 16:30:28  INFO DriverManagerConnectionProvider:42 - Hibernate connection pool size: 20
2018-10-31 16:30:28  INFO DriverManagerConnectionProvider:45 - autocommit mode: false
2018-10-31 16:30:28  INFO DriverManagerConnectionProvider:80 - using driver: com.mysql.jdbc.Driver at URL: jdbc:mysql://localhost:3306/poo-pizzeria?zeroDateTimeBehavior=convertToNull
2018-10-31 16:30:28  INFO DriverManagerConnectionProvider:86 - connection properties: {user=root, password=****}
2018-10-31 16:30:29  INFO SettingsFactory:89 - RDBMS: MySQL, version: 5.7.21-log
2018-10-31 16:30:29  INFO SettingsFactory:90 - JDBC driver: MySQL-AB JDBC Driver, version: mysql-connector-java-5.1.23 ( Revision: ${bzr.revision-id} )
2018-10-31 16:30:29  INFO Dialect:152 - Using dialect: org.hibernate.dialect.MySQLDialect
2018-10-31 16:30:29  INFO TransactionFactoryFactory:31 - Using default transaction strategy (direct JDBC transactions)
2018-10-31 16:30:29  INFO TransactionManagerLookupFactory:33 - No TransactionManagerLookup configured (in JTA environment, use of read-write or transactional second-level cache is not recommended)
2018-10-31 16:30:29  INFO SettingsFactory:143 - Automatic flush during beforeCompletion(): disabled
2018-10-31 16:30:29  INFO SettingsFactory:147 - Automatic session close at end of transaction: disabled
2018-10-31 16:30:29  INFO SettingsFactory:154 - JDBC batch size: 15
2018-10-31 16:30:29  INFO SettingsFactory:157 - JDBC batch updates for versioned data: disabled
2018-10-31 16:30:29  INFO SettingsFactory:162 - Scrollable result sets: enabled
2018-10-31 16:30:29  INFO SettingsFactory:170 - JDBC3 getGeneratedKeys(): enabled
2018-10-31 16:30:29  INFO SettingsFactory:178 - Connection release mode: auto
2018-10-31 16:30:29  INFO SettingsFactory:202 - Maximum outer join fetch depth: 2
2018-10-31 16:30:29  INFO SettingsFactory:205 - Default batch fetch size: 1
2018-10-31 16:30:29  INFO SettingsFactory:209 - Generate SQL with comments: disabled
2018-10-31 16:30:29  INFO SettingsFactory:213 - Order SQL updates by primary key: disabled
2018-10-31 16:30:29  INFO SettingsFactory:217 - Order SQL inserts for batching: disabled
2018-10-31 16:30:29  INFO SettingsFactory:386 - Query translator: org.hibernate.hql.ast.ASTQueryTranslatorFactory
2018-10-31 16:30:29  INFO ASTQueryTranslatorFactory:24 - Using ASTQueryTranslatorFactory
2018-10-31 16:30:29  INFO SettingsFactory:225 - Query language substitutions: {}
2018-10-31 16:30:29  INFO SettingsFactory:230 - JPA-QL strict compliance: disabled
2018-10-31 16:30:29  INFO SettingsFactory:235 - Second-level cache: enabled
2018-10-31 16:30:29  INFO SettingsFactory:239 - Query cache: disabled
2018-10-31 16:30:29  INFO SettingsFactory:373 - Cache provider: org.hibernate.cache.NoCacheProvider
2018-10-31 16:30:29  INFO SettingsFactory:254 - Optimize cache for minimal puts: disabled
2018-10-31 16:30:29  INFO SettingsFactory:263 - Structured second-level cache entries: disabled
2018-10-31 16:30:29  INFO SettingsFactory:290 - Statistics: disabled
2018-10-31 16:30:29  INFO SettingsFactory:294 - Deleted entity synthetic identifier rollback: disabled
2018-10-31 16:30:29  INFO SettingsFactory:309 - Default entity-mode: pojo
2018-10-31 16:30:29  INFO SettingsFactory:313 - Named query checking : enabled
2018-10-31 16:30:29  INFO SessionFactoryImpl:161 - building session factory
2018-10-31 16:30:29  INFO SessionFactoryObjectFactory:82 - Not binding factory to JNDI, no JNDI name configured
2018-10-31 16:31:21  INFO Environment:514 - Hibernate 3.2.6
2018-10-31 16:31:21  INFO Environment:547 - hibernate.properties not found
2018-10-31 16:31:21  INFO Environment:681 - Bytecode provider name : cglib
2018-10-31 16:31:21  INFO Environment:598 - using JDK 1.4 java.sql.Timestamp handling
2018-10-31 16:31:21  INFO Configuration:1432 - configuring from resource: hibernate.cfg.xml
2018-10-31 16:31:21  INFO Configuration:1409 - Configuration resource: hibernate.cfg.xml
2018-10-31 16:31:21  INFO Configuration:1547 - Configured SessionFactory: null
2018-10-31 16:31:21  INFO DriverManagerConnectionProvider:41 - Using Hibernate built-in connection pool (not for production use!)
2018-10-31 16:31:21  INFO DriverManagerConnectionProvider:42 - Hibernate connection pool size: 20
2018-10-31 16:31:21  INFO DriverManagerConnectionProvider:45 - autocommit mode: false
2018-10-31 16:31:21  INFO DriverManagerConnectionProvider:80 - using driver: com.mysql.jdbc.Driver at URL: jdbc:mysql://localhost:3306/poo-pizzeria?zeroDateTimeBehavior=convertToNull
2018-10-31 16:31:21  INFO DriverManagerConnectionProvider:86 - connection properties: {user=root, password=****}
2018-10-31 16:31:21  INFO SettingsFactory:89 - RDBMS: MySQL, version: 5.7.21-log
2018-10-31 16:31:21  INFO SettingsFactory:90 - JDBC driver: MySQL-AB JDBC Driver, version: mysql-connector-java-5.1.23 ( Revision: ${bzr.revision-id} )
2018-10-31 16:31:21  INFO Dialect:152 - Using dialect: org.hibernate.dialect.MySQLDialect
2018-10-31 16:31:21  INFO TransactionFactoryFactory:31 - Using default transaction strategy (direct JDBC transactions)
2018-10-31 16:31:21  INFO TransactionManagerLookupFactory:33 - No TransactionManagerLookup configured (in JTA environment, use of read-write or transactional second-level cache is not recommended)
2018-10-31 16:31:21  INFO SettingsFactory:143 - Automatic flush during beforeCompletion(): disabled
2018-10-31 16:31:21  INFO SettingsFactory:147 - Automatic session close at end of transaction: disabled
2018-10-31 16:31:21  INFO SettingsFactory:154 - JDBC batch size: 15
2018-10-31 16:31:21  INFO SettingsFactory:157 - JDBC batch updates for versioned data: disabled
2018-10-31 16:31:21  INFO SettingsFactory:162 - Scrollable result sets: enabled
2018-10-31 16:31:21  INFO SettingsFactory:170 - JDBC3 getGeneratedKeys(): enabled
2018-10-31 16:31:21  INFO SettingsFactory:178 - Connection release mode: auto
2018-10-31 16:31:21  INFO SettingsFactory:202 - Maximum outer join fetch depth: 2
2018-10-31 16:31:21  INFO SettingsFactory:205 - Default batch fetch size: 1
2018-10-31 16:31:21  INFO SettingsFactory:209 - Generate SQL with comments: disabled
2018-10-31 16:31:21  INFO SettingsFactory:213 - Order SQL updates by primary key: disabled
2018-10-31 16:31:21  INFO SettingsFactory:217 - Order SQL inserts for batching: disabled
2018-10-31 16:31:21  INFO SettingsFactory:386 - Query translator: org.hibernate.hql.ast.ASTQueryTranslatorFactory
2018-10-31 16:31:21  INFO ASTQueryTranslatorFactory:24 - Using ASTQueryTranslatorFactory
2018-10-31 16:31:21  INFO SettingsFactory:225 - Query language substitutions: {}
2018-10-31 16:31:21  INFO SettingsFactory:230 - JPA-QL strict compliance: disabled
2018-10-31 16:31:21  INFO SettingsFactory:235 - Second-level cache: enabled
2018-10-31 16:31:21  INFO SettingsFactory:239 - Query cache: disabled
2018-10-31 16:31:21  INFO SettingsFactory:373 - Cache provider: org.hibernate.cache.NoCacheProvider
2018-10-31 16:31:21  INFO SettingsFactory:254 - Optimize cache for minimal puts: disabled
2018-10-31 16:31:21  INFO SettingsFactory:263 - Structured second-level cache entries: disabled
2018-10-31 16:31:21  INFO SettingsFactory:290 - Statistics: disabled
2018-10-31 16:31:21  INFO SettingsFactory:294 - Deleted entity synthetic identifier rollback: disabled
2018-10-31 16:31:21  INFO SettingsFactory:309 - Default entity-mode: pojo
2018-10-31 16:31:21  INFO SettingsFactory:313 - Named query checking : enabled
2018-10-31 16:31:21  INFO SessionFactoryImpl:161 - building session factory
2018-10-31 16:31:21  INFO SessionFactoryObjectFactory:82 - Not binding factory to JNDI, no JNDI name configured
2018-10-31 16:32:53  INFO Environment:514 - Hibernate 3.2.6
2018-10-31 16:32:53  INFO Environment:547 - hibernate.properties not found
2018-10-31 16:32:53  INFO Environment:681 - Bytecode provider name : cglib
2018-10-31 16:32:53  INFO Environment:598 - using JDK 1.4 java.sql.Timestamp handling
2018-10-31 16:32:53  INFO Configuration:1432 - configuring from resource: hibernate.cfg.xml
2018-10-31 16:32:53  INFO Configuration:1409 - Configuration resource: hibernate.cfg.xml
2018-10-31 16:32:53  INFO Configuration:559 - Reading mappings from resource : entidades/TipoPizza.hbm.xml
2018-10-31 16:32:53 ERROR XMLHelper$ErrorLogger:61 - Error parsing XML: XML InputStream(4) El contenido del tipo de elemento "class" es incompleto, debe coincidir con "(meta*,subselect?,cache?,synchronize*,comment?,tuplizer*,(id|composite-id),discriminator?,natural-id?,(version|timestamp)?,(property|many-to-one|one-to-one|component|dynamic-component|properties|any|map|set|list|bag|idbag|array|primitive-array)*,((join*,subclass*)|joined-subclass*|union-subclass*),loader?,sql-insert?,sql-update?,sql-delete?,filter*,resultset*,(query|sql-query)*)".
2018-10-31 16:32:53 ERROR XMLHelper$ErrorLogger:61 - Error parsing XML: XML InputStream(17) El contenido del tipo de elemento "hibernate-mapping" debe coincidir con "(meta*,typedef*,import*,(class|subclass|joined-subclass|union-subclass)*,resultset*,(query|sql-query)*,filter-def*,database-object*)".
2018-10-31 16:43:47  INFO Environment:514 - Hibernate 3.2.6
2018-10-31 16:43:47  INFO Environment:547 - hibernate.properties not found
2018-10-31 16:43:47  INFO Environment:681 - Bytecode provider name : cglib
2018-10-31 16:43:47  INFO Environment:598 - using JDK 1.4 java.sql.Timestamp handling
2018-10-31 16:43:47  INFO Configuration:1432 - configuring from resource: hibernate.cfg.xml
2018-10-31 16:43:47  INFO Configuration:1409 - Configuration resource: hibernate.cfg.xml
2018-10-31 16:43:47  INFO Configuration:559 - Reading mappings from resource : entidades/TipoPizza.hbm.xml
2018-10-31 16:43:47 ERROR XMLHelper$ErrorLogger:61 - Error parsing XML: XML InputStream(15) El tipo de elemento "class" debe finalizar por la etiqueta final coincidente "</class>".
2018-10-31 16:45:31  INFO Environment:514 - Hibernate 3.2.6
2018-10-31 16:45:31  INFO Environment:547 - hibernate.properties not found
2018-10-31 16:45:31  INFO Environment:681 - Bytecode provider name : cglib
2018-10-31 16:45:31  INFO Environment:598 - using JDK 1.4 java.sql.Timestamp handling
2018-10-31 16:45:32  INFO Configuration:1432 - configuring from resource: hibernate.cfg.xml
2018-10-31 16:45:32  INFO Configuration:1409 - Configuration resource: hibernate.cfg.xml
2018-10-31 16:45:32  INFO Configuration:559 - Reading mappings from resource : entidades/TipoPizza.hbm.xml
2018-10-31 16:45:32 ERROR XMLHelper$ErrorLogger:61 - Error parsing XML: XML InputStream(4) El contenido del tipo de elemento "class" es incompleto, debe coincidir con "(meta*,subselect?,cache?,synchronize*,comment?,tuplizer*,(id|composite-id),discriminator?,natural-id?,(version|timestamp)?,(property|many-to-one|one-to-one|component|dynamic-component|properties|any|map|set|list|bag|idbag|array|primitive-array)*,((join*,subclass*)|joined-subclass*|union-subclass*),loader?,sql-insert?,sql-update?,sql-delete?,filter*,resultset*,(query|sql-query)*)".
2018-10-31 16:45:32 ERROR XMLHelper$ErrorLogger:61 - Error parsing XML: XML InputStream(18) El contenido del tipo de elemento "hibernate-mapping" debe coincidir con "(meta*,typedef*,import*,(class|subclass|joined-subclass|union-subclass)*,resultset*,(query|sql-query)*,filter-def*,database-object*)".
2018-10-31 16:46:37  INFO Environment:514 - Hibernate 3.2.6
2018-10-31 16:46:37  INFO Environment:547 - hibernate.properties not found
2018-10-31 16:46:37  INFO Environment:681 - Bytecode provider name : cglib
2018-10-31 16:46:37  INFO Environment:598 - using JDK 1.4 java.sql.Timestamp handling
2018-10-31 16:46:37  INFO Configuration:1432 - configuring from resource: hibernate.cfg.xml
2018-10-31 16:46:37  INFO Configuration:1409 - Configuration resource: hibernate.cfg.xml
2018-10-31 16:46:37  INFO Configuration:559 - Reading mappings from resource : entidades/TipoPizza.hbm.xml
2018-10-31 16:46:37 ERROR XMLHelper$ErrorLogger:61 - Error parsing XML: XML InputStream(4) El contenido del tipo de elemento "class" es incompleto, debe coincidir con "(meta*,subselect?,cache?,synchronize*,comment?,tuplizer*,(id|composite-id),discriminator?,natural-id?,(version|timestamp)?,(property|many-to-one|one-to-one|component|dynamic-component|properties|any|map|set|list|bag|idbag|array|primitive-array)*,((join*,subclass*)|joined-subclass*|union-subclass*),loader?,sql-insert?,sql-update?,sql-delete?,filter*,resultset*,(query|sql-query)*)".
2018-10-31 16:46:37 ERROR XMLHelper$ErrorLogger:61 - Error parsing XML: XML InputStream(18) El tipo de elemento "hibernate-mapping" debe finalizar por la etiqueta final coincidente "</hibernate-mapping>".
2018-10-31 16:46:53  INFO Environment:514 - Hibernate 3.2.6
2018-10-31 16:46:53  INFO Environment:547 - hibernate.properties not found
2018-10-31 16:46:53  INFO Environment:681 - Bytecode provider name : cglib
2018-10-31 16:46:53  INFO Environment:598 - using JDK 1.4 java.sql.Timestamp handling
2018-10-31 16:46:53  INFO Configuration:1432 - configuring from resource: hibernate.cfg.xml
2018-10-31 16:46:53  INFO Configuration:1409 - Configuration resource: hibernate.cfg.xml
2018-10-31 16:46:53  INFO Configuration:559 - Reading mappings from resource : entidades/TipoPizza.hbm.xml
2018-10-31 16:46:53  INFO HbmBinder:300 - Mapping class: entidades.TipoPizza -> TipoPizza
2018-10-31 16:49:35  INFO Environment:514 - Hibernate 3.2.6
2018-10-31 16:49:35  INFO Environment:547 - hibernate.properties not found
2018-10-31 16:49:35  INFO Environment:681 - Bytecode provider name : cglib
2018-10-31 16:49:35  INFO Environment:598 - using JDK 1.4 java.sql.Timestamp handling
2018-10-31 16:49:35  INFO Configuration:1432 - configuring from resource: hibernate.cfg.xml
2018-10-31 16:49:35  INFO Configuration:1409 - Configuration resource: hibernate.cfg.xml
2018-10-31 16:49:35  INFO Configuration:559 - Reading mappings from resource : entidades/TipoPizza.hbm.xml
2018-10-31 16:49:35  INFO HbmBinder:300 - Mapping class: entidades.TipoPizza -> TipoPizza
2018-10-31 16:49:35  INFO Configuration:1547 - Configured SessionFactory: null
2018-10-31 16:49:35  INFO DriverManagerConnectionProvider:41 - Using Hibernate built-in connection pool (not for production use!)
2018-10-31 16:49:35  INFO DriverManagerConnectionProvider:42 - Hibernate connection pool size: 20
2018-10-31 16:49:35  INFO DriverManagerConnectionProvider:45 - autocommit mode: false
2018-10-31 16:49:35  INFO DriverManagerConnectionProvider:80 - using driver: com.mysql.jdbc.Driver at URL: jdbc:mysql://localhost:3306/poo-pizzeria?zeroDateTimeBehavior=convertToNull
2018-10-31 16:49:35  INFO DriverManagerConnectionProvider:86 - connection properties: {user=root, password=****}
2018-10-31 16:49:35  INFO SettingsFactory:89 - RDBMS: MySQL, version: 5.7.21-log
2018-10-31 16:49:35  INFO SettingsFactory:90 - JDBC driver: MySQL-AB JDBC Driver, version: mysql-connector-java-5.1.23 ( Revision: ${bzr.revision-id} )
2018-10-31 16:49:35  INFO Dialect:152 - Using dialect: org.hibernate.dialect.MySQLDialect
2018-10-31 16:49:35  INFO TransactionFactoryFactory:31 - Using default transaction strategy (direct JDBC transactions)
2018-10-31 16:49:35  INFO TransactionManagerLookupFactory:33 - No TransactionManagerLookup configured (in JTA environment, use of read-write or transactional second-level cache is not recommended)
2018-10-31 16:49:35  INFO SettingsFactory:143 - Automatic flush during beforeCompletion(): disabled
2018-10-31 16:49:35  INFO SettingsFactory:147 - Automatic session close at end of transaction: disabled
2018-10-31 16:49:35  INFO SettingsFactory:154 - JDBC batch size: 15
2018-10-31 16:49:35  INFO SettingsFactory:157 - JDBC batch updates for versioned data: disabled
2018-10-31 16:49:35  INFO SettingsFactory:162 - Scrollable result sets: enabled
2018-10-31 16:49:35  INFO SettingsFactory:170 - JDBC3 getGeneratedKeys(): enabled
2018-10-31 16:49:35  INFO SettingsFactory:178 - Connection release mode: auto
2018-10-31 16:49:35  INFO SettingsFactory:202 - Maximum outer join fetch depth: 2
2018-10-31 16:49:35  INFO SettingsFactory:205 - Default batch fetch size: 1
2018-10-31 16:49:35  INFO SettingsFactory:209 - Generate SQL with comments: disabled
2018-10-31 16:49:35  INFO SettingsFactory:213 - Order SQL updates by primary key: disabled
2018-10-31 16:49:35  INFO SettingsFactory:217 - Order SQL inserts for batching: disabled
2018-10-31 16:49:35  INFO SettingsFactory:386 - Query translator: org.hibernate.hql.ast.ASTQueryTranslatorFactory
2018-10-31 16:49:35  INFO ASTQueryTranslatorFactory:24 - Using ASTQueryTranslatorFactory
2018-10-31 16:49:35  INFO SettingsFactory:225 - Query language substitutions: {}
2018-10-31 16:49:35  INFO SettingsFactory:230 - JPA-QL strict compliance: disabled
2018-10-31 16:49:35  INFO SettingsFactory:235 - Second-level cache: enabled
2018-10-31 16:49:35  INFO SettingsFactory:239 - Query cache: disabled
2018-10-31 16:49:35  INFO SettingsFactory:373 - Cache provider: org.hibernate.cache.NoCacheProvider
2018-10-31 16:49:35  INFO SettingsFactory:254 - Optimize cache for minimal puts: disabled
2018-10-31 16:49:35  INFO SettingsFactory:263 - Structured second-level cache entries: disabled
2018-10-31 16:49:35  INFO SettingsFactory:290 - Statistics: disabled
2018-10-31 16:49:35  INFO SettingsFactory:294 - Deleted entity synthetic identifier rollback: disabled
2018-10-31 16:49:35  INFO SettingsFactory:309 - Default entity-mode: pojo
2018-10-31 16:49:35  INFO SettingsFactory:313 - Named query checking : enabled
2018-10-31 16:49:35  INFO SessionFactoryImpl:161 - building session factory
2018-10-31 16:52:58  INFO Environment:514 - Hibernate 3.2.6
2018-10-31 16:52:58  INFO Environment:547 - hibernate.properties not found
2018-10-31 16:52:58  INFO Environment:681 - Bytecode provider name : cglib
2018-10-31 16:52:58  INFO Environment:598 - using JDK 1.4 java.sql.Timestamp handling
2018-10-31 16:52:58  INFO Configuration:1432 - configuring from resource: hibernate.cfg.xml
2018-10-31 16:52:58  INFO Configuration:1409 - Configuration resource: hibernate.cfg.xml
2018-10-31 16:52:58  INFO Configuration:559 - Reading mappings from resource : entidades/TipoPizza.hbm.xml
2018-10-31 16:52:59  INFO HbmBinder:300 - Mapping class: entidades.TipoPizza -> TipoPizza
2018-10-31 16:52:59  INFO Configuration:1547 - Configured SessionFactory: null
2018-10-31 16:52:59  INFO DriverManagerConnectionProvider:41 - Using Hibernate built-in connection pool (not for production use!)
2018-10-31 16:52:59  INFO DriverManagerConnectionProvider:42 - Hibernate connection pool size: 20
2018-10-31 16:52:59  INFO DriverManagerConnectionProvider:45 - autocommit mode: false
2018-10-31 16:52:59  INFO DriverManagerConnectionProvider:80 - using driver: com.mysql.jdbc.Driver at URL: jdbc:mysql://localhost:3306/poo-pizzeria?zeroDateTimeBehavior=convertToNull
2018-10-31 16:52:59  INFO DriverManagerConnectionProvider:86 - connection properties: {user=root, password=****}
2018-10-31 16:52:59  INFO SettingsFactory:89 - RDBMS: MySQL, version: 5.7.21-log
2018-10-31 16:52:59  INFO SettingsFactory:90 - JDBC driver: MySQL-AB JDBC Driver, version: mysql-connector-java-5.1.23 ( Revision: ${bzr.revision-id} )
2018-10-31 16:52:59  INFO Dialect:152 - Using dialect: org.hibernate.dialect.MySQLDialect
2018-10-31 16:52:59  INFO TransactionFactoryFactory:31 - Using default transaction strategy (direct JDBC transactions)
2018-10-31 16:52:59  INFO TransactionManagerLookupFactory:33 - No TransactionManagerLookup configured (in JTA environment, use of read-write or transactional second-level cache is not recommended)
2018-10-31 16:52:59  INFO SettingsFactory:143 - Automatic flush during beforeCompletion(): disabled
2018-10-31 16:52:59  INFO SettingsFactory:147 - Automatic session close at end of transaction: disabled
2018-10-31 16:52:59  INFO SettingsFactory:154 - JDBC batch size: 15
2018-10-31 16:52:59  INFO SettingsFactory:157 - JDBC batch updates for versioned data: disabled
2018-10-31 16:52:59  INFO SettingsFactory:162 - Scrollable result sets: enabled
2018-10-31 16:52:59  INFO SettingsFactory:170 - JDBC3 getGeneratedKeys(): enabled
2018-10-31 16:52:59  INFO SettingsFactory:178 - Connection release mode: auto
2018-10-31 16:52:59  INFO SettingsFactory:202 - Maximum outer join fetch depth: 2
2018-10-31 16:52:59  INFO SettingsFactory:205 - Default batch fetch size: 1
2018-10-31 16:52:59  INFO SettingsFactory:209 - Generate SQL with comments: disabled
2018-10-31 16:52:59  INFO SettingsFactory:213 - Order SQL updates by primary key: disabled
2018-10-31 16:52:59  INFO SettingsFactory:217 - Order SQL inserts for batching: disabled
2018-10-31 16:52:59  INFO SettingsFactory:386 - Query translator: org.hibernate.hql.ast.ASTQueryTranslatorFactory
2018-10-31 16:52:59  INFO ASTQueryTranslatorFactory:24 - Using ASTQueryTranslatorFactory
2018-10-31 16:52:59  INFO SettingsFactory:225 - Query language substitutions: {}
2018-10-31 16:52:59  INFO SettingsFactory:230 - JPA-QL strict compliance: disabled
2018-10-31 16:52:59  INFO SettingsFactory:235 - Second-level cache: enabled
2018-10-31 16:52:59  INFO SettingsFactory:239 - Query cache: disabled
2018-10-31 16:52:59  INFO SettingsFactory:373 - Cache provider: org.hibernate.cache.NoCacheProvider
2018-10-31 16:52:59  INFO SettingsFactory:254 - Optimize cache for minimal puts: disabled
2018-10-31 16:52:59  INFO SettingsFactory:263 - Structured second-level cache entries: disabled
2018-10-31 16:52:59  INFO SettingsFactory:290 - Statistics: disabled
2018-10-31 16:52:59  INFO SettingsFactory:294 - Deleted entity synthetic identifier rollback: disabled
2018-10-31 16:52:59  INFO SettingsFactory:309 - Default entity-mode: pojo
2018-10-31 16:52:59  INFO SettingsFactory:313 - Named query checking : enabled
2018-10-31 16:52:59  INFO SessionFactoryImpl:161 - building session factory
2018-10-31 16:52:59  INFO SessionFactoryObjectFactory:82 - Not binding factory to JNDI, no JNDI name configured
