2018-11-05 15:30:00  INFO Environment:514 - Hibernate 3.2.6
2018-11-05 15:30:00  INFO Environment:547 - hibernate.properties not found
2018-11-05 15:30:00  INFO Environment:681 - Bytecode provider name : cglib
2018-11-05 15:30:00  INFO Environment:598 - using JDK 1.4 java.sql.Timestamp handling
2018-11-05 15:30:00  INFO Configuration:1432 - configuring from resource: hibernate.cfg.xml
2018-11-05 15:30:00  INFO Configuration:1409 - Configuration resource: hibernate.cfg.xml
2018-11-05 15:30:00  INFO Configuration:559 - Reading mappings from resource : entidades/TipoPizza.hbm.xml
2018-11-05 15:30:00  INFO HbmBinder:300 - Mapping class: entidades.TipoPizza -> TipoPizza
2018-11-05 15:30:00  INFO Configuration:1547 - Configured SessionFactory: null
2018-11-05 15:30:00  INFO DriverManagerConnectionProvider:41 - Using Hibernate built-in connection pool (not for production use!)
2018-11-05 15:30:00  INFO DriverManagerConnectionProvider:42 - Hibernate connection pool size: 20
2018-11-05 15:30:00  INFO DriverManagerConnectionProvider:45 - autocommit mode: false
2018-11-05 15:30:00  INFO DriverManagerConnectionProvider:80 - using driver: com.mysql.jdbc.Driver at URL: jdbc:mysql://localhost:3306/poo-pizzeria?zeroDateTimeBehavior=convertToNull
2018-11-05 15:30:00  INFO DriverManagerConnectionProvider:86 - connection properties: {user=root, password=****}
2018-11-05 15:30:00  INFO SettingsFactory:89 - RDBMS: MySQL, version: 5.7.21-log
2018-11-05 15:30:00  INFO SettingsFactory:90 - JDBC driver: MySQL Connector Java, version: mysql-connector-java-5.1.47 ( Revision: fe1903b1ecb4a96a917f7ed3190d80c049b1de29 )
2018-11-05 15:30:00  INFO Dialect:152 - Using dialect: org.hibernate.dialect.MySQLDialect
2018-11-05 15:30:00  INFO TransactionFactoryFactory:31 - Using default transaction strategy (direct JDBC transactions)
2018-11-05 15:30:00  INFO TransactionManagerLookupFactory:33 - No TransactionManagerLookup configured (in JTA environment, use of read-write or transactional second-level cache is not recommended)
2018-11-05 15:30:00  INFO SettingsFactory:143 - Automatic flush during beforeCompletion(): disabled
2018-11-05 15:30:00  INFO SettingsFactory:147 - Automatic session close at end of transaction: disabled
2018-11-05 15:30:00  INFO SettingsFactory:154 - JDBC batch size: 15
2018-11-05 15:30:00  INFO SettingsFactory:157 - JDBC batch updates for versioned data: disabled
2018-11-05 15:30:00  INFO SettingsFactory:162 - Scrollable result sets: enabled
2018-11-05 15:30:00  INFO SettingsFactory:170 - JDBC3 getGeneratedKeys(): enabled
2018-11-05 15:30:00  INFO SettingsFactory:178 - Connection release mode: auto
2018-11-05 15:30:00  INFO SettingsFactory:202 - Maximum outer join fetch depth: 2
2018-11-05 15:30:00  INFO SettingsFactory:205 - Default batch fetch size: 1
2018-11-05 15:30:00  INFO SettingsFactory:209 - Generate SQL with comments: disabled
2018-11-05 15:30:00  INFO SettingsFactory:213 - Order SQL updates by primary key: disabled
2018-11-05 15:30:00  INFO SettingsFactory:217 - Order SQL inserts for batching: disabled
2018-11-05 15:30:00  INFO SettingsFactory:386 - Query translator: org.hibernate.hql.ast.ASTQueryTranslatorFactory
2018-11-05 15:30:00  INFO ASTQueryTranslatorFactory:24 - Using ASTQueryTranslatorFactory
2018-11-05 15:30:00  INFO SettingsFactory:225 - Query language substitutions: {}
2018-11-05 15:30:00  INFO SettingsFactory:230 - JPA-QL strict compliance: disabled
2018-11-05 15:30:00  INFO SettingsFactory:235 - Second-level cache: enabled
2018-11-05 15:30:00  INFO SettingsFactory:239 - Query cache: disabled
2018-11-05 15:30:00  INFO SettingsFactory:373 - Cache provider: org.hibernate.cache.NoCacheProvider
2018-11-05 15:30:00  INFO SettingsFactory:254 - Optimize cache for minimal puts: disabled
2018-11-05 15:30:00  INFO SettingsFactory:263 - Structured second-level cache entries: disabled
2018-11-05 15:30:00  INFO SettingsFactory:290 - Statistics: disabled
2018-11-05 15:30:00  INFO SettingsFactory:294 - Deleted entity synthetic identifier rollback: disabled
2018-11-05 15:30:00  INFO SettingsFactory:309 - Default entity-mode: pojo
2018-11-05 15:30:00  INFO SettingsFactory:313 - Named query checking : enabled
2018-11-05 15:30:01  INFO SessionFactoryImpl:161 - building session factory
2018-11-05 15:30:01  INFO SessionFactoryObjectFactory:82 - Not binding factory to JNDI, no JNDI name configured
2018-11-05 15:31:38  INFO Environment:514 - Hibernate 3.2.6
2018-11-05 15:31:38  INFO Environment:547 - hibernate.properties not found
2018-11-05 15:31:38  INFO Environment:681 - Bytecode provider name : cglib
2018-11-05 15:31:38  INFO Environment:598 - using JDK 1.4 java.sql.Timestamp handling
2018-11-05 15:31:38  INFO Configuration:1432 - configuring from resource: hibernate.cfg.xml
2018-11-05 15:31:38  INFO Configuration:1409 - Configuration resource: hibernate.cfg.xml
2018-11-05 15:31:38  INFO Configuration:559 - Reading mappings from resource : entidades/TipoPizza.hbm.xml
2018-11-05 15:31:38  INFO HbmBinder:300 - Mapping class: entidades.TipoPizza -> TipoPizza
2018-11-05 15:31:38  INFO Configuration:1547 - Configured SessionFactory: null
2018-11-05 15:31:38  INFO DriverManagerConnectionProvider:41 - Using Hibernate built-in connection pool (not for production use!)
2018-11-05 15:31:38  INFO DriverManagerConnectionProvider:42 - Hibernate connection pool size: 20
2018-11-05 15:31:38  INFO DriverManagerConnectionProvider:45 - autocommit mode: false
2018-11-05 15:31:38  INFO DriverManagerConnectionProvider:80 - using driver: com.mysql.jdbc.Driver at URL: jdbc:mysql://localhost:3306/poo-pizzeria?zeroDateTimeBehavior=convertToNull
2018-11-05 15:31:38  INFO DriverManagerConnectionProvider:86 - connection properties: {user=root, password=****}
2018-11-05 15:31:39  INFO SettingsFactory:89 - RDBMS: MySQL, version: 5.7.21-log
2018-11-05 15:31:39  INFO SettingsFactory:90 - JDBC driver: MySQL Connector Java, version: mysql-connector-java-5.1.47 ( Revision: fe1903b1ecb4a96a917f7ed3190d80c049b1de29 )
2018-11-05 15:31:39  INFO Dialect:152 - Using dialect: org.hibernate.dialect.MySQLDialect
2018-11-05 15:31:39  INFO TransactionFactoryFactory:31 - Using default transaction strategy (direct JDBC transactions)
2018-11-05 15:31:39  INFO TransactionManagerLookupFactory:33 - No TransactionManagerLookup configured (in JTA environment, use of read-write or transactional second-level cache is not recommended)
2018-11-05 15:31:39  INFO SettingsFactory:143 - Automatic flush during beforeCompletion(): disabled
2018-11-05 15:31:39  INFO SettingsFactory:147 - Automatic session close at end of transaction: disabled
2018-11-05 15:31:39  INFO SettingsFactory:154 - JDBC batch size: 15
2018-11-05 15:31:39  INFO SettingsFactory:157 - JDBC batch updates for versioned data: disabled
2018-11-05 15:31:39  INFO SettingsFactory:162 - Scrollable result sets: enabled
2018-11-05 15:31:39  INFO SettingsFactory:170 - JDBC3 getGeneratedKeys(): enabled
2018-11-05 15:31:39  INFO SettingsFactory:178 - Connection release mode: auto
2018-11-05 15:31:39  INFO SettingsFactory:202 - Maximum outer join fetch depth: 2
2018-11-05 15:31:39  INFO SettingsFactory:205 - Default batch fetch size: 1
2018-11-05 15:31:39  INFO SettingsFactory:209 - Generate SQL with comments: disabled
2018-11-05 15:31:39  INFO SettingsFactory:213 - Order SQL updates by primary key: disabled
2018-11-05 15:31:39  INFO SettingsFactory:217 - Order SQL inserts for batching: disabled
2018-11-05 15:31:39  INFO SettingsFactory:386 - Query translator: org.hibernate.hql.ast.ASTQueryTranslatorFactory
2018-11-05 15:31:39  INFO ASTQueryTranslatorFactory:24 - Using ASTQueryTranslatorFactory
2018-11-05 15:31:39  INFO SettingsFactory:225 - Query language substitutions: {}
2018-11-05 15:31:39  INFO SettingsFactory:230 - JPA-QL strict compliance: disabled
2018-11-05 15:31:39  INFO SettingsFactory:235 - Second-level cache: enabled
2018-11-05 15:31:39  INFO SettingsFactory:239 - Query cache: disabled
2018-11-05 15:31:39  INFO SettingsFactory:373 - Cache provider: org.hibernate.cache.NoCacheProvider
2018-11-05 15:31:39  INFO SettingsFactory:254 - Optimize cache for minimal puts: disabled
2018-11-05 15:31:39  INFO SettingsFactory:263 - Structured second-level cache entries: disabled
2018-11-05 15:31:39  INFO SettingsFactory:290 - Statistics: disabled
2018-11-05 15:31:39  INFO SettingsFactory:294 - Deleted entity synthetic identifier rollback: disabled
2018-11-05 15:31:39  INFO SettingsFactory:309 - Default entity-mode: pojo
2018-11-05 15:31:39  INFO SettingsFactory:313 - Named query checking : enabled
2018-11-05 15:31:39  INFO SessionFactoryImpl:161 - building session factory
2018-11-05 15:31:39  INFO SessionFactoryObjectFactory:82 - Not binding factory to JNDI, no JNDI name configured
2018-11-05 15:33:13  INFO Environment:514 - Hibernate 3.2.6
2018-11-05 15:33:13  INFO Environment:547 - hibernate.properties not found
2018-11-05 15:33:13  INFO Environment:681 - Bytecode provider name : cglib
2018-11-05 15:33:13  INFO Environment:598 - using JDK 1.4 java.sql.Timestamp handling
2018-11-05 15:33:14  INFO Configuration:1432 - configuring from resource: hibernate.cfg.xml
2018-11-05 15:33:14  INFO Configuration:1409 - Configuration resource: hibernate.cfg.xml
2018-11-05 15:33:14  INFO Configuration:559 - Reading mappings from resource : entidades/TipoPizza.hbm.xml
2018-11-05 15:33:14  INFO HbmBinder:300 - Mapping class: entidades.TipoPizza -> TipoPizza
2018-11-05 15:33:14  INFO Configuration:1547 - Configured SessionFactory: null
2018-11-05 15:33:14  INFO DriverManagerConnectionProvider:41 - Using Hibernate built-in connection pool (not for production use!)
2018-11-05 15:33:14  INFO DriverManagerConnectionProvider:42 - Hibernate connection pool size: 20
2018-11-05 15:33:14  INFO DriverManagerConnectionProvider:45 - autocommit mode: false
2018-11-05 15:33:14  INFO DriverManagerConnectionProvider:80 - using driver: com.mysql.jdbc.Driver at URL: jdbc:mysql://localhost:3306/poo-pizzeria?zeroDateTimeBehavior=convertToNull
2018-11-05 15:33:14  INFO DriverManagerConnectionProvider:86 - connection properties: {user=root, password=****}
2018-11-05 15:33:14  INFO SettingsFactory:89 - RDBMS: MySQL, version: 5.7.21-log
2018-11-05 15:33:14  INFO SettingsFactory:90 - JDBC driver: MySQL Connector Java, version: mysql-connector-java-5.1.47 ( Revision: fe1903b1ecb4a96a917f7ed3190d80c049b1de29 )
2018-11-05 15:33:14  INFO Dialect:152 - Using dialect: org.hibernate.dialect.MySQLDialect
2018-11-05 15:33:14  INFO TransactionFactoryFactory:31 - Using default transaction strategy (direct JDBC transactions)
2018-11-05 15:33:14  INFO TransactionManagerLookupFactory:33 - No TransactionManagerLookup configured (in JTA environment, use of read-write or transactional second-level cache is not recommended)
2018-11-05 15:33:14  INFO SettingsFactory:143 - Automatic flush during beforeCompletion(): disabled
2018-11-05 15:33:14  INFO SettingsFactory:147 - Automatic session close at end of transaction: disabled
2018-11-05 15:33:14  INFO SettingsFactory:154 - JDBC batch size: 15
2018-11-05 15:33:14  INFO SettingsFactory:157 - JDBC batch updates for versioned data: disabled
2018-11-05 15:33:14  INFO SettingsFactory:162 - Scrollable result sets: enabled
2018-11-05 15:33:14  INFO SettingsFactory:170 - JDBC3 getGeneratedKeys(): enabled
2018-11-05 15:33:14  INFO SettingsFactory:178 - Connection release mode: auto
2018-11-05 15:33:14  INFO SettingsFactory:202 - Maximum outer join fetch depth: 2
2018-11-05 15:33:14  INFO SettingsFactory:205 - Default batch fetch size: 1
2018-11-05 15:33:14  INFO SettingsFactory:209 - Generate SQL with comments: disabled
2018-11-05 15:33:14  INFO SettingsFactory:213 - Order SQL updates by primary key: disabled
2018-11-05 15:33:14  INFO SettingsFactory:217 - Order SQL inserts for batching: disabled
2018-11-05 15:33:14  INFO SettingsFactory:386 - Query translator: org.hibernate.hql.ast.ASTQueryTranslatorFactory
2018-11-05 15:33:14  INFO ASTQueryTranslatorFactory:24 - Using ASTQueryTranslatorFactory
2018-11-05 15:33:14  INFO SettingsFactory:225 - Query language substitutions: {}
2018-11-05 15:33:14  INFO SettingsFactory:230 - JPA-QL strict compliance: disabled
2018-11-05 15:33:14  INFO SettingsFactory:235 - Second-level cache: enabled
2018-11-05 15:33:14  INFO SettingsFactory:239 - Query cache: disabled
2018-11-05 15:33:14  INFO SettingsFactory:373 - Cache provider: org.hibernate.cache.NoCacheProvider
2018-11-05 15:33:14  INFO SettingsFactory:254 - Optimize cache for minimal puts: disabled
2018-11-05 15:33:14  INFO SettingsFactory:263 - Structured second-level cache entries: disabled
2018-11-05 15:33:14  INFO SettingsFactory:290 - Statistics: disabled
2018-11-05 15:33:14  INFO SettingsFactory:294 - Deleted entity synthetic identifier rollback: disabled
2018-11-05 15:33:14  INFO SettingsFactory:309 - Default entity-mode: pojo
2018-11-05 15:33:14  INFO SettingsFactory:313 - Named query checking : enabled
2018-11-05 15:33:14  INFO SessionFactoryImpl:161 - building session factory
2018-11-05 15:33:14  INFO SessionFactoryObjectFactory:82 - Not binding factory to JNDI, no JNDI name configured
